{"level":"info","message":"log info"}
{"level":"warn","message":"log swarning"}
{"level":"info","message":"log info"}
{"level":"warn","message":"log swarning"}
{"level":"info","message":"log info"}
{"level":"warn","message":"log swarning"}
{"level":"\u001b[32minfo\u001b[39m","message":"logger info","ms":"+0ms","timestamp":"2024-06-10T08:03:33.831Z"}
{"level":"\u001b[33mwarn\u001b[39m","message":"logger warn","ms":"+7ms","timestamp":"2024-06-10T08:03:33.839Z"}
{"level":"\u001b[31merror\u001b[39m","message":"logger error","ms":"+0ms","timestamp":"2024-06-10T08:03:33.839Z"}
{"level":"info","message":"log info"}
{"level":"warn","message":"log swarning"}
{"level":"\u001b[32minfo\u001b[39m","message":"logger info","ms":"+0ms","timestamp":"2024-06-10T08:04:08.125Z"}
{"level":"\u001b[33mwarn\u001b[39m","message":"logger warn","ms":"+7ms","timestamp":"2024-06-10T08:04:08.133Z"}
{"level":"\u001b[31merror\u001b[39m","message":"logger error","ms":"+1ms","timestamp":"2024-06-10T08:04:08.133Z"}
{"level":"\u001b[32minfo\u001b[39m","message":"logger info","ms":"+0ms","timestamp":"2024-06-10T08:04:23.280Z"}
{"level":"\u001b[33mwarn\u001b[39m","message":"logger warn","ms":"+4ms","timestamp":"2024-06-10T08:04:23.285Z"}
{"level":"\u001b[31merror\u001b[39m","message":"logger error","ms":"+1ms","timestamp":"2024-06-10T08:04:23.286Z"}
{"level":"info","message":"log info"}
{"level":"\u001b[32minfo\u001b[39m","message":"logger info","ms":"+0ms","timestamp":"2024-06-10T08:09:13.771Z"}
{"level":"\u001b[33mwarn\u001b[39m","message":"logger warn","ms":"+4ms","timestamp":"2024-06-10T08:09:13.776Z"}
{"level":"\u001b[31merror\u001b[39m","message":"logger error","ms":"+1ms","timestamp":"2024-06-10T08:09:13.777Z"}
{"level":"warn","message":"log swarning"}
{"level":"\u001b[32minfo\u001b[39m","message":"logger info","ms":"+0ms","timestamp":"2024-06-10T08:09:19.897Z"}
{"level":"\u001b[33mwarn\u001b[39m","message":"logger warn","ms":"+3ms","timestamp":"2024-06-10T08:09:19.901Z"}
{"level":"\u001b[31merror\u001b[39m","message":"logger error","ms":"+1ms","timestamp":"2024-06-10T08:09:19.902Z"}
{"level":"\u001b[32minfo\u001b[39m","message":"logger info","ms":"+0ms","timestamp":"2024-06-10T08:10:19.684Z"}
{"level":"\u001b[33mwarn\u001b[39m","message":"logger warn","ms":"+3ms","timestamp":"2024-06-10T08:10:19.688Z"}
{"level":"\u001b[31merror\u001b[39m","message":"logger error","ms":"+2ms","timestamp":"2024-06-10T08:10:19.690Z"}
{"level":"info","message":"log info"}
{"level":"warn","message":"log swarning"}
{"level":"\u001b[32minfo\u001b[39m","message":"logger info","ms":"+0ms","timestamp":"2024-06-10T08:10:26.818Z"}
{"level":"\u001b[33mwarn\u001b[39m","message":"logger warn","ms":"+5ms","timestamp":"2024-06-10T08:10:26.823Z"}
{"level":"\u001b[31merror\u001b[39m","message":"logger error","ms":"+1ms","timestamp":"2024-06-10T08:10:26.824Z"}
{"level":"info","message":"log info"}
{"level":"warn","message":"log swarning"}
{"level":"\u001b[32minfo\u001b[39m","message":"logger info","ms":"+0ms","timestamp":"2024-06-10T08:11:51.247Z"}
{"level":"\u001b[33mwarn\u001b[39m","message":"logger warn","ms":"+5ms","timestamp":"2024-06-10T08:11:51.252Z"}
{"level":"\u001b[31merror\u001b[39m","message":"logger error","ms":"+1ms","timestamp":"2024-06-10T08:11:51.253Z"}
{"level":"info","message":"log info"}
{"level":"warn","message":"log swarning"}
{"level":"\u001b[32minfo\u001b[39m","message":"logger info","ms":"+0ms","timestamp":"2024-06-10T09:10:34.466Z"}
{"level":"\u001b[33mwarn\u001b[39m","message":"logger warn","ms":"+5ms","timestamp":"2024-06-10T09:10:34.471Z"}
{"level":"\u001b[31merror\u001b[39m","message":"logger error","ms":"+1ms","timestamp":"2024-06-10T09:10:34.472Z"}
{"level":"info","message":"log info"}
{"level":"warn","message":"log swarning"}
{"level":"\u001b[32minfo\u001b[39m","message":"logger info","ms":"+0ms","timestamp":"2024-06-10T09:13:54.099Z"}
{"level":"\u001b[33mwarn\u001b[39m","message":"logger warn","ms":"+9ms","timestamp":"2024-06-10T09:13:54.109Z"}
{"level":"\u001b[31merror\u001b[39m","message":"logger error","ms":"+0ms","timestamp":"2024-06-10T09:13:54.109Z"}
{"level":"info","message":"log info"}
{"level":"warn","message":"log swarning"}
{"level":"\u001b[32minfo\u001b[39m","message":"logger info","ms":"+0ms","timestamp":"2024-06-10T09:14:06.690Z"}
{"level":"\u001b[33mwarn\u001b[39m","message":"logger warn","ms":"+2ms","timestamp":"2024-06-10T09:14:06.693Z"}
{"level":"\u001b[31merror\u001b[39m","message":"logger error","ms":"+9ms","timestamp":"2024-06-10T09:14:06.702Z"}
{"level":"info","message":"log info"}
{"level":"warn","message":"log swarning"}
{"level":"\u001b[32minfo\u001b[39m","message":"logger info","ms":"+0ms","timestamp":"2024-06-10T09:17:08.517Z"}
{"level":"\u001b[33mwarn\u001b[39m","message":"logger warn","ms":"+4ms","timestamp":"2024-06-10T09:17:08.521Z"}
{"level":"\u001b[31merror\u001b[39m","message":"logger error","ms":"+0ms","timestamp":"2024-06-10T09:17:08.521Z"}
{"level":"info","message":"log info"}
{"level":"warn","message":"log swarning"}
{"level":"info","message":"log info"}
{"level":"warn","message":"log swarning"}
{"level":"\u001b[32minfo\u001b[39m","message":"logger info","ms":"+0ms","timestamp":"2024-06-10T09:19:27.706Z"}
{"level":"\u001b[33mwarn\u001b[39m","message":"logger warn","ms":"+4ms","timestamp":"2024-06-10T09:19:27.710Z"}
{"level":"\u001b[31merror\u001b[39m","message":"logger error","ms":"+1ms","timestamp":"2024-06-10T09:19:27.711Z"}
{"level":"info","message":"log info"}
{"level":"warn","message":"log swarning"}
{"level":"\u001b[32minfo\u001b[39m","message":"logger info","ms":"+0ms","timestamp":"2024-06-10T09:19:40.353Z"}
{"level":"\u001b[33mwarn\u001b[39m","message":"logger warn","ms":"+3ms","timestamp":"2024-06-10T09:19:40.356Z"}
{"level":"\u001b[31merror\u001b[39m","message":"logger error","ms":"+1ms","timestamp":"2024-06-10T09:19:40.357Z"}
{"level":"\u001b[32minfo\u001b[39m","message":"logger info","ms":"+0ms","timestamp":"2024-06-10T09:20:08.441Z"}
{"level":"\u001b[33mwarn\u001b[39m","message":"logger warn","ms":"+2ms","timestamp":"2024-06-10T09:20:08.443Z"}
{"level":"\u001b[31merror\u001b[39m","message":"logger error","ms":"+1ms","timestamp":"2024-06-10T09:20:08.444Z"}
{"level":"info","message":"log info"}
{"level":"warn","message":"log swarning"}
{"level":"\u001b[32minfo\u001b[39m","message":"logger info","ms":"+0ms","timestamp":"2024-06-10T09:20:44.528Z"}
{"level":"\u001b[33mwarn\u001b[39m","message":"logger warn","ms":"+2ms","timestamp":"2024-06-10T09:20:44.530Z"}
{"level":"\u001b[31merror\u001b[39m","message":"logger error","ms":"+2ms","timestamp":"2024-06-10T09:20:44.531Z"}
{"level":"info","message":"log info"}
{"level":"warn","message":"log swarning"}
{"level":"\u001b[32minfo\u001b[39m","message":"logger info","ms":"+0ms","timestamp":"2024-06-10T09:26:45.810Z"}
{"level":"\u001b[33mwarn\u001b[39m","message":"logger warn","ms":"+2ms","timestamp":"2024-06-10T09:26:45.812Z"}
{"level":"\u001b[31merror\u001b[39m","message":"logger error","ms":"+1ms","timestamp":"2024-06-10T09:26:45.813Z"}
{"level":"info","message":"log info"}
{"level":"warn","message":"log swarning"}
{"level":"\u001b[32minfo\u001b[39m","message":"logger info","ms":"+0ms","timestamp":"2024-06-10T09:27:03.002Z"}
{"level":"\u001b[33mwarn\u001b[39m","message":"logger warn","ms":"+1ms","timestamp":"2024-06-10T09:27:03.003Z"}
{"level":"\u001b[31merror\u001b[39m","message":"logger error","ms":"+1ms","timestamp":"2024-06-10T09:27:03.004Z"}
{"level":"info","message":"log info"}
{"level":"warn","message":"log swarning"}
{"level":"\u001b[32minfo\u001b[39m","message":"logger info","ms":"+0ms","timestamp":"2024-06-10T09:30:20.087Z"}
{"level":"\u001b[33mwarn\u001b[39m","message":"logger warn","ms":"+6ms","timestamp":"2024-06-10T09:30:20.093Z"}
{"level":"\u001b[31merror\u001b[39m","message":"logger error","ms":"+1ms","timestamp":"2024-06-10T09:30:20.094Z"}
{"level":"info","message":"log info"}
{"level":"warn","message":"log swarning"}
{"level":"\u001b[32minfo\u001b[39m","message":"logger info","ms":"+0ms","timestamp":"2024-06-10T09:31:42.100Z"}
{"level":"\u001b[33mwarn\u001b[39m","message":"logger warn","ms":"+13ms","timestamp":"2024-06-10T09:31:42.113Z"}
{"level":"\u001b[31merror\u001b[39m","message":"logger error","ms":"+1ms","timestamp":"2024-06-10T09:31:42.114Z"}
{"level":"info","message":"log info"}
{"level":"warn","message":"log swarning"}
{"level":"\u001b[32minfo\u001b[39m","message":"logger info","ms":"+0ms","timestamp":"2024-06-10T09:32:04.343Z"}
{"level":"\u001b[33mwarn\u001b[39m","message":"logger warn","ms":"+3ms","timestamp":"2024-06-10T09:32:04.346Z"}
{"level":"\u001b[31merror\u001b[39m","message":"logger error","ms":"+1ms","timestamp":"2024-06-10T09:32:04.347Z"}
{"level":"info","message":"log info"}
{"level":"warn","message":"log swarning"}
{"level":"\u001b[32minfo\u001b[39m","message":"logger info","ms":"+0ms","timestamp":"2024-06-10T09:32:18.196Z"}
{"level":"\u001b[33mwarn\u001b[39m","message":"logger warn","ms":"+4ms","timestamp":"2024-06-10T09:32:18.200Z"}
{"level":"\u001b[31merror\u001b[39m","message":"logger error","ms":"+0ms","timestamp":"2024-06-10T09:32:18.200Z"}
{"level":"info","message":"log info"}
{"level":"warn","message":"log swarning"}
{"level":"\u001b[32minfo\u001b[39m","message":"logger info","ms":"+0ms","timestamp":"2024-06-10T09:37:04.063Z"}
{"level":"\u001b[33mwarn\u001b[39m","message":"logger warn","ms":"+5ms","timestamp":"2024-06-10T09:37:04.068Z"}
{"level":"\u001b[31merror\u001b[39m","message":"logger error","ms":"+1ms","timestamp":"2024-06-10T09:37:04.069Z"}
{"level":"info","message":"log info"}
{"level":"warn","message":"log swarning"}
{"level":"\u001b[32minfo\u001b[39m","message":"logger info","ms":"+0ms","timestamp":"2024-06-10T09:37:13.646Z"}
{"level":"\u001b[33mwarn\u001b[39m","message":"logger warn","ms":"+7ms","timestamp":"2024-06-10T09:37:13.653Z"}
{"level":"\u001b[31merror\u001b[39m","message":"logger error","ms":"+1ms","timestamp":"2024-06-10T09:37:13.654Z"}
{"level":"info","message":"log info"}
{"level":"warn","message":"log swarning"}
{"level":"\u001b[32minfo\u001b[39m","message":"logger info","ms":"+0ms","timestamp":"2024-06-10T09:39:39.746Z"}
{"level":"\u001b[33mwarn\u001b[39m","message":"logger warn","ms":"+8ms","timestamp":"2024-06-10T09:39:39.755Z"}
{"level":"\u001b[31merror\u001b[39m","message":"logger error","ms":"+5ms","timestamp":"2024-06-10T09:39:39.760Z"}
{"level":"info","message":"log info"}
{"level":"warn","message":"log swarning"}
{"level":"\u001b[32minfo\u001b[39m","message":"logger info","ms":"+0ms","timestamp":"2024-06-10T09:44:17.169Z"}
{"level":"\u001b[33mwarn\u001b[39m","message":"logger warn","ms":"+6ms","timestamp":"2024-06-10T09:44:17.177Z"}
{"level":"\u001b[31merror\u001b[39m","message":"logger error","ms":"+1ms","timestamp":"2024-06-10T09:44:17.178Z"}
{"level":"info","message":"log info"}
{"level":"warn","message":"log swarning"}
{"level":"info","message":"log info"}
{"level":"warn","message":"log swarning"}
{"level":"\u001b[32minfo\u001b[39m","message":"logger info","ms":"+0ms","timestamp":"2024-06-10T09:44:32.637Z"}
{"level":"\u001b[33mwarn\u001b[39m","message":"logger warn","ms":"+5ms","timestamp":"2024-06-10T09:44:32.642Z"}
{"level":"\u001b[31merror\u001b[39m","message":"logger error","ms":"+4ms","timestamp":"2024-06-10T09:44:32.645Z"}
{"level":"info","message":"log info"}
{"level":"warn","message":"log swarning"}
{"level":"\u001b[32minfo\u001b[39m","message":"logger info","ms":"+0ms","timestamp":"2024-06-10T09:44:48.996Z"}
{"level":"\u001b[33mwarn\u001b[39m","message":"logger warn","ms":"+6ms","timestamp":"2024-06-10T09:44:49.002Z"}
{"level":"\u001b[31merror\u001b[39m","message":"logger error","ms":"+1ms","timestamp":"2024-06-10T09:44:49.003Z"}
{"level":"info","message":"log info"}
{"level":"warn","message":"log swarning"}
{"level":"\u001b[32minfo\u001b[39m","message":"logger info","ms":"+0ms","timestamp":"2024-06-10T09:45:19.474Z"}
{"level":"\u001b[33mwarn\u001b[39m","message":"logger warn","ms":"+2ms","timestamp":"2024-06-10T09:45:19.476Z"}
{"level":"\u001b[31merror\u001b[39m","message":"logger error","ms":"+0ms","timestamp":"2024-06-10T09:45:19.476Z"}
{"level":"info","message":"log info"}
{"level":"warn","message":"log swarning"}
{"level":"\u001b[32minfo\u001b[39m","message":"logger info","ms":"+0ms","timestamp":"2024-06-10T09:48:24.580Z"}
{"level":"\u001b[33mwarn\u001b[39m","message":"logger warn","ms":"+1ms","timestamp":"2024-06-10T09:48:24.581Z"}
{"level":"\u001b[31merror\u001b[39m","message":"logger error","ms":"+0ms","timestamp":"2024-06-10T09:48:24.581Z"}
{"level":"info","message":"log info"}
{"level":"warn","message":"log swarning"}
{"level":"\u001b[32minfo\u001b[39m","message":"logger info","ms":"+0ms","timestamp":"2024-06-10T09:49:01.269Z"}
{"level":"\u001b[33mwarn\u001b[39m","message":"logger warn","ms":"+4ms","timestamp":"2024-06-10T09:49:01.274Z"}
{"level":"\u001b[31merror\u001b[39m","message":"logger error","ms":"+0ms","timestamp":"2024-06-10T09:49:01.274Z"}
{"level":"\u001b[32minfo\u001b[39m","message":"logger info","ms":"+0ms","timestamp":"2024-06-10T09:51:36.988Z"}
{"level":"\u001b[33mwarn\u001b[39m","message":"logger warn","ms":"+2ms","timestamp":"2024-06-10T09:51:36.990Z"}
{"level":"\u001b[31merror\u001b[39m","message":"logger error","ms":"+1ms","timestamp":"2024-06-10T09:51:36.990Z"}
{"level":"info","message":"log info"}
{"level":"warn","message":"log swarning"}
{"level":"info","message":"log info"}
{"level":"warn","message":"log swarning"}
{"level":"\u001b[32minfo\u001b[39m","message":"logger info","ms":"+0ms","timestamp":"2024-06-10T09:52:00.586Z"}
{"level":"\u001b[33mwarn\u001b[39m","message":"logger warn","ms":"+1ms","timestamp":"2024-06-10T09:52:00.593Z"}
{"level":"\u001b[31merror\u001b[39m","message":"logger error","ms":"+1ms","timestamp":"2024-06-10T09:52:00.594Z"}
{"level":"\u001b[32minfo\u001b[39m","message":"logger info","ms":"+0ms","timestamp":"2024-06-10T09:55:01.967Z"}
{"level":"\u001b[33mwarn\u001b[39m","message":"logger warn","ms":"+2ms","timestamp":"2024-06-10T09:55:01.969Z"}
{"level":"\u001b[31merror\u001b[39m","message":"logger error","ms":"+0ms","timestamp":"2024-06-10T09:55:01.969Z"}
{"level":"info","message":"log info"}
{"level":"warn","message":"log swarning"}
